<?xml version="1.0" encoding="UTF-8"?>
<testsuite name="TestSuite" time="1.115" tests="3" errors="0" skipped="0" failures="0">
  <properties>
    <property name="JOB_NAME" value="abc"/>
    <property name="java.vendor" value="Oracle Corporation"/>
    <property name="PWD" value="/"/>
    <property name="sun.java.launcher" value="SUN_STANDARD"/>
    <property name="RUN_TESTS_DISPLAY_URL" value="http://localhost:8080/job/abc/8/display/redirect?page=tests"/>
    <property name="sun.management.compiler" value="HotSpot 64-Bit Tiered Compilers"/>
    <property name="JENKINS_HOME" value="/Users/rihad/.jenkins"/>
    <property name="PATH" value="/Library/Java/JavaVirtualMachines/jdk-11.0.12.jdk/Contents/Home/bin:/usr/bin:/bin:/usr/sbin:/sbin"/>
    <property name="HUDSON_SERVER_COOKIE" value="1ae5bb3d951f8021"/>
    <property name="POM_ARTIFACTID" value="AutomationFramework"/>
    <property name="os.name" value="Mac OS X"/>
    <property name="EXECUTOR_NUMBER" value="0"/>
    <property name="java.vm.specification.vendor" value="Oracle Corporation"/>
    <property name="POM_DISPLAYNAME" value="AutomationFramework"/>
    <property name="NODE_LABELS" value="master"/>
    <property name="java.runtime.version" value="11.0.12+8-LTS-237"/>
    <property name="user.name" value="rihad"/>
    <property name="guice.disable.misplaced.annotation.check" value="true"/>
    <property name="user.language" value="en"/>
    <property name="JOB_BASE_NAME" value="abc"/>
    <property name="RUN_CHANGES_DISPLAY_URL" value="http://localhost:8080/job/abc/8/display/redirect?page=changes"/>
    <property name="BUILD_DISPLAY_NAME" value="#8"/>
    <property name="TMPDIR" value="/var/folders/6y/_2__mrn93bqcdvxj9146r7w40000gn/T/"/>
    <property name="sun.boot.library.path" value="/Library/Java/JavaVirtualMachines/jdk-11.0.12.jdk/Contents/Home/lib"/>
    <property name="java.vm.compressedOopsMode" value="Zero based"/>
    <property name="java.version" value="11.0.12"/>
    <property name="XPC_FLAGS" value="0x0"/>
    <property name="user.timezone" value="America/New_York"/>
    <property name="sun.arch.data.model" value="64"/>
    <property name="NODE_NAME" value="master"/>
    <property name="http.nonProxyHosts" value="local|*.local|169.254/16|*.169.254/16"/>
    <property name="BUILD_ID" value="8"/>
    <property name="sun.cpu.isalist" value=""/>
    <property name="sun.jnu.encoding" value="UTF-8"/>
    <property name="SHELL" value="/bin/bash"/>
    <property name="file.separator" value="/"/>
    <property name="java.specification.name" value="Java Platform API Specification"/>
    <property name="maven.conf" value="/usr/local/Cellar/maven/3.5.4/libexec/conf"/>
    <property name="java.class.version" value="55.0"/>
    <property name="org.slf4j.simpleLogger.defaultLogLevel" value="info"/>
    <property name="user.country" value="US"/>
    <property name="java.home" value="/Library/Java/JavaVirtualMachines/jdk-11.0.12.jdk/Contents/Home"/>
    <property name="java.vm.info" value="mixed mode"/>
    <property name="os.version" value="11.2"/>
    <property name="RUN_DISPLAY_URL" value="http://localhost:8080/job/abc/8/display/redirect"/>
    <property name="POM_VERSION" value="0.0.1-SNAPSHOT"/>
    <property name="sun.font.fontmanager" value="sun.font.CFontManager"/>
    <property name="path.separator" value=":"/>
    <property name="RUN_ARTIFACTS_DISPLAY_URL" value="http://localhost:8080/job/abc/8/display/redirect?page=artifacts"/>
    <property name="java.vm.version" value="11.0.12+8-LTS-237"/>
    <property name="JOB_DISPLAY_URL" value="http://localhost:8080/job/abc/display/redirect"/>
    <property name="SHLVL" value="0"/>
    <property name="java.awt.printerjob" value="sun.lwawt.macosx.CPrinterJob"/>
    <property name="JAVA_HOME" value="/Library/Java/JavaVirtualMachines/jdk-11.0.12.jdk/Contents/Home"/>
    <property name="sun.io.unicode.encoding" value="UnicodeBig"/>
    <property name="awt.toolkit" value="sun.lwawt.macosx.LWCToolkit"/>
    <property name="LOGNAME" value="rihad"/>
    <property name="POM_PACKAGING" value="jar"/>
    <property name="socksNonProxyHosts" value="local|*.local|169.254/16|*.169.254/16"/>
    <property name="HOME" value="/Users/rihad"/>
    <property name="ftp.nonProxyHosts" value="local|*.local|169.254/16|*.169.254/16"/>
    <property name="POM_GROUPID" value="com.abc"/>
    <property name="user.home" value="/Users/rihad"/>
    <property name="BUILD_TAG" value="jenkins-abc-8"/>
    <property name="JENKINS_SERVER_COOKIE" value="1ae5bb3d951f8021"/>
    <property name="XPC_SERVICE_NAME" value="homebrew.mxcl.jenkins"/>
    <property name="HUDSON_URL" value="http://localhost:8080/"/>
    <property name="java.version.date" value="2021-07-20"/>
    <property name="java.specification.vendor" value="Oracle Corporation"/>
    <property name="CLASSPATH" value=""/>
    <property name="java.library.path" value="/Users/rihad/Library/Java/Extensions:/Library/Java/Extensions:/Network/Library/Java/Extensions:/System/Library/Java/Extensions:/usr/lib/java:."/>
    <property name="java.vendor.url" value="https://openjdk.java.net/"/>
    <property name="JAVA_MAIN_CLASS_80572" value="executable.Main"/>
    <property name="java.vm.vendor" value="Oracle Corporation"/>
    <property name="gopherProxySet" value="false"/>
    <property name="java.runtime.name" value="Java(TM) SE Runtime Environment"/>
    <property name="maven.home" value="/usr/local/Cellar/maven/3.5.4/libexec"/>
    <property name="sun.java.command" value="jenkins.maven3.agent.Maven35Main /usr/local/Cellar/maven/3.5.4/libexec /Users/rihad/.jenkins/war/WEB-INF/lib/remoting-3068.v09b_895d8da_14.jar /Users/rihad/.jenkins/plugins/maven-plugin/WEB-INF/lib/maven35-interceptor-1.14.jar /Users/rihad/.jenkins/plugins/maven-plugin/WEB-INF/lib/maven3-interceptor-commons-1.14.jar 55974"/>
    <property name="java.class.path" value="/Users/rihad/.jenkins/plugins/maven-plugin/WEB-INF/lib/maven35-agent-1.14.jar:/usr/local/Cellar/maven/3.5.4/libexec/boot/plexus-classworlds-2.5.2.jar:/usr/local/Cellar/maven/3.5.4/libexec/conf/logging"/>
    <property name="jdk.debug" value="release"/>
    <property name="java.vm.specification.name" value="Java Virtual Machine Specification"/>
    <property name="PATH+JDK" value="/Library/Java/JavaVirtualMachines/jdk-11.0.12.jdk/Contents/Home/bin"/>
    <property name="java.vm.specification.version" value="11"/>
    <property name="M2_HOME" value="/usr/local/Cellar/maven/3.5.4/libexec"/>
    <property name="sun.cpu.endian" value="little"/>
    <property name="sun.os.patch.level" value="unknown"/>
    <property name="CI" value="true"/>
    <property name="java.io.tmpdir" value="/var/folders/6y/_2__mrn93bqcdvxj9146r7w40000gn/T/"/>
    <property name="HUDSON_HOME" value="/Users/rihad/.jenkins"/>
    <property name="PATH+MAVEN" value="/usr/local/Cellar/maven/3.5.4/libexec/bin"/>
    <property name="java.vendor.url.bug" value="https://bugreport.java.com/bugreport/"/>
    <property name="BUILD_URL" value="http://localhost:8080/job/abc/8/"/>
    <property name="SSH_AUTH_SOCK" value="/private/tmp/com.apple.launchd.jziotSsTAC/Listeners"/>
    <property name="os.arch" value="x86_64"/>
    <property name="java.awt.graphicsenv" value="sun.awt.CGraphicsEnvironment"/>
    <property name="__CF_USER_TEXT_ENCODING" value="0x1F5:0x0:0x0"/>
    <property name="user.dir" value="/Users/rihad/eclipse-workspace/AutomationFramework"/>
    <property name="JOB_URL" value="http://localhost:8080/job/abc/"/>
    <property name="MAVEN_HOME" value="/usr/local/Cellar/maven/3.5.4/libexec"/>
    <property name="line.separator" value="&#10;"/>
    <property name="java.vm.name" value="Java HotSpot(TM) 64-Bit Server VM"/>
    <property name="BUILD_NUMBER" value="8"/>
    <property name="JENKINS_URL" value="http://localhost:8080/"/>
    <property name="file.encoding" value="UTF-8"/>
    <property name="maven3.interceptor" value="/Users/rihad/.jenkins/plugins/maven-plugin/WEB-INF/lib/maven35-interceptor-1.14.jar"/>
    <property name="WORKSPACE_TMP" value="/Users/rihad/.jenkins/workspace/abc@tmp"/>
    <property name="WORKSPACE" value="/Users/rihad/.jenkins/workspace/abc"/>
    <property name="maven3.interceptor.common" value="/Users/rihad/.jenkins/plugins/maven-plugin/WEB-INF/lib/maven3-interceptor-commons-1.14.jar"/>
    <property name="java.specification.version" value="11"/>
    <property name="java.vendor.version" value="18.9"/>
    <property name="USER" value="rihad"/>
  </properties>
  <testcase name="logintest" classname="com.abc.testcases.LoginTest" time="1.115"/>
  <testcase name="logintest" classname="com.abc.testcases.LoginTest" time="1.485"/>
  <testcase name="logintest" classname="com.abc.testcases.LoginTest" time="0.558"/>
</testsuite>