<?xml version="1.0" encoding="UTF-8"?>
<!-- Generated by org.testng.reporters.JUnitReportReporter -->
<testsuite hostname="MacbookAir" failures="0" tests="3" name="com.abc.testcases.DataDriventest" time="3.832" errors="0" timestamp="2022-10-24T21:36:35 EDT" skipped="0">
  <testcase classname="com.abc.testcases.DataDriventest" name="ddt" time="0.743"/>
  <system-out/>
  <testcase classname="com.abc.testcases.DataDriventest" name="ddt" time="2.932"/>
  <system-out/>
  <testcase classname="com.abc.testcases.DataDriventest" name="ddt" time="0.157"/>
  <system-out/>
</testsuite> <!-- com.abc.testcases.DataDriventest -->
