<?xml version="1.0" encoding="UTF-8"?>
<!-- Generated by org.testng.reporters.JUnitReportReporter -->
<testsuite hostname="MacbookAir" failures="0" tests="3" name="com.abc.testcases.DataDriventest" time="3.148" errors="0" timestamp="2022-10-25T20:14:54 EDT" skipped="0">
  <testcase classname="com.abc.testcases.DataDriventest" name="ddt" time="1.861"/>
  <system-out/>
  <testcase classname="com.abc.testcases.DataDriventest" name="ddt" time="0.748"/>
  <system-out/>
  <testcase classname="com.abc.testcases.DataDriventest" name="ddt" time="0.539"/>
  <system-out/>
</testsuite> <!-- com.abc.testcases.DataDriventest -->
