<?xml version="1.0" encoding="UTF-8"?>
<!-- Generated by org.testng.reporters.JUnitReportReporter -->
<testsuite hostname="MacbookAir" failures="0" tests="3" name="com.abc.testcases.LoginTest" time="3.328" errors="0" timestamp="2022-10-30T20:50:38 EDT" skipped="0">
  <testcase classname="com.abc.testcases.LoginTest" name="logintest" time="1.339"/>
  <system-out/>
  <testcase classname="com.abc.testcases.LoginTest" name="logintest" time="0.667"/>
  <system-out/>
  <testcase classname="com.abc.testcases.LoginTest" name="logintest" time="1.322"/>
  <system-out/>
</testsuite> <!-- com.abc.testcases.LoginTest -->
