<?xml version="1.0" encoding="UTF-8"?>
<!-- Generated by org.testng.reporters.JUnitReportReporter -->
<testsuite hostname="MacbookAir" failures="0" tests="1" name="com.abc.util.DbConnection" time="1.110" errors="0" timestamp="2022-10-31T20:09:26 EDT" skipped="0">
  <testcase classname="com.abc.util.DbConnection" name="dbConnection" time="1.110"/>
  <system-out/>
</testsuite> <!-- com.abc.util.DbConnection -->
