<?xml version="1.0" encoding="UTF-8"?>
<!-- Generated by org.testng.reporters.JUnitReportReporter -->
<testsuite hostname="MacbookAir" failures="0" tests="1" name="com.abc.testcases.CreateAccountTest" time="12.269" errors="0" timestamp="2022-10-24T20:35:14 EDT" skipped="0">
  <testcase classname="com.abc.testcases.CreateAccountTest" name="createAccTest" time="12.269"/>
  <system-out/>
</testsuite> <!-- com.abc.testcases.CreateAccountTest -->
