<?xml version="1.0" encoding="UTF-8"?>
<!-- Generated by org.testng.reporters.JUnitReportReporter -->
<testsuite hostname="MacbookAir" failures="0" tests="3" name="com.abc.testcases.LoginTest" time="2.559" errors="0" timestamp="2022-10-30T18:52:13 EDT" skipped="0">
  <testcase classname="com.abc.testcases.LoginTest" name="logintest" time="0.665"/>
  <system-out/>
  <testcase classname="com.abc.testcases.LoginTest" name="logintest" time="0.551"/>
  <system-out/>
  <testcase classname="com.abc.testcases.LoginTest" name="logintest" time="1.343"/>
  <system-out/>
</testsuite> <!-- com.abc.testcases.LoginTest -->
