<?xml version="1.0" encoding="UTF-8"?>
<!-- Generated by org.testng.reporters.JUnitReportReporter -->
<testsuite hostname="MacbookAir" failures="0" tests="3" name="com.abc.testcases.LoginTest" time="2.638" errors="0" timestamp="2022-10-30T21:19:19 EDT" skipped="0">
  <testcase classname="com.abc.testcases.LoginTest" name="logintest" time="0.149"/>
  <system-out/>
  <testcase classname="com.abc.testcases.LoginTest" name="logintest" time="0.573"/>
  <system-out/>
  <testcase classname="com.abc.testcases.LoginTest" name="logintest" time="1.916"/>
  <system-out/>
</testsuite> <!-- com.abc.testcases.LoginTest -->
