<?xml version="1.0" encoding="UTF-8"?>
<!-- Generated by org.testng.reporters.JUnitReportReporter -->
<testsuite hostname="MacbookAir" failures="0" tests="3" name="com.abc.testcases.LoginTest" time="3.167" errors="0" timestamp="2022-11-01T21:32:24 EDT" skipped="0">
  <testcase classname="com.abc.testcases.LoginTest" name="logintest" time="0.562"/>
  <system-out/>
  <testcase classname="com.abc.testcases.LoginTest" name="logintest" time="1.499"/>
  <system-out/>
  <testcase classname="com.abc.testcases.LoginTest" name="logintest" time="1.106"/>
  <system-out/>
</testsuite> <!-- com.abc.testcases.LoginTest -->
