<?xml version="1.0" encoding="UTF-8"?>
<!-- Generated by org.testng.reporters.JUnitReportReporter -->
<testsuite hostname="MacbookAir" failures="0" tests="3" name="com.abc.testcases.LoginTest" time="3.106" errors="0" timestamp="2022-10-30T21:48:02 EDT" skipped="0">
  <testcase classname="com.abc.testcases.LoginTest" name="logintest" time="1.204"/>
  <system-out/>
  <testcase classname="com.abc.testcases.LoginTest" name="logintest" time="0.605"/>
  <system-out/>
  <testcase classname="com.abc.testcases.LoginTest" name="logintest" time="1.297"/>
  <system-out/>
</testsuite> <!-- com.abc.testcases.LoginTest -->
